2025-05-14 14:43:03,312 - INFO - 成功爬取 JeonWoong 的信息
2025-05-14 14:43:06,470 - INFO - 成功爬取 KimDongHyun 的信息
2025-05-14 14:43:09,921 - INFO - 成功爬取 LeeDaeHwi 的信息
2025-05-14 14:43:12,846 - INFO - 成功爬取 ParkWooJin 的信息
2025-05-14 14:43:16,461 - INFO - 成功爬取 giselle 的信息
2025-05-14 14:43:19,437 - INFO - 成功爬取 karina 的信息
2025-05-14 14:43:22,948 - INFO - 成功爬取 ningning 的信息
2025-05-14 14:43:27,099 - INFO - 成功爬取 winter 的信息
2025-05-14 14:43:30,771 - INFO - 成功爬取 LeeChanhyuk 的信息
2025-05-14 14:43:33,574 - INFO - 成功爬取 LeeSuhyun 的信息
2025-05-14 14:43:36,251 - INFO - 成功爬取 BoMi 的信息
2025-05-14 14:43:40,249 - INFO - 成功爬取 ChoRong 的信息
2025-05-14 14:43:43,993 - INFO - 成功爬取 EunJi 的信息
2025-05-14 14:43:48,048 - INFO - 成功爬取 HaYoung 的信息
2025-05-14 14:43:50,892 - INFO - 成功爬取 NaEun 的信息
2025-05-14 14:43:53,648 - INFO - 成功爬取 NamJoo 的信息
2025-05-14 14:43:56,409 - INFO - 成功爬取 HongJoong 的信息
2025-05-14 14:43:59,833 - INFO - 成功爬取 JongHo 的信息
2025-05-14 14:44:04,931 - INFO - 成功爬取 MinGi 的信息
2025-05-14 14:44:09,551 - INFO - 成功爬取 San 的信息
2025-05-14 14:44:13,792 - INFO - 成功爬取 SeongHwa 的信息
2025-05-14 14:44:16,581 - INFO - 成功爬取 WooYoung 的信息
2025-05-14 14:44:20,504 - INFO - 成功爬取 YeoSang 的信息
2025-05-14 14:44:23,690 - INFO - 成功爬取 YunHo 的信息
2025-05-14 14:44:27,983 - INFO - 成功爬取 Baro 的信息
2025-05-14 14:44:31,689 - INFO - 成功爬取 CNU 的信息
2025-05-14 14:44:36,481 - INFO - 成功爬取 GongChan 的信息
2025-05-14 14:44:40,666 - INFO - 成功爬取 JinYoung 的信息
2025-05-14 14:44:43,813 - INFO - 成功爬取 SanDeul 的信息
2025-05-14 14:44:48,188 - INFO - 成功爬取 Ahyeon 的信息
2025-05-14 14:44:51,458 - INFO - 成功爬取 Asa 的信息
2025-05-14 14:44:54,935 - INFO - 成功爬取 Chiquita 的信息
2025-05-14 14:44:59,348 - INFO - 成功爬取 Pharita 的信息
2025-05-14 14:45:02,448 - INFO - 成功爬取 Rami 的信息
2025-05-14 14:45:05,660 - INFO - 成功爬取 Rora 的信息
2025-05-14 14:45:08,710 - INFO - 成功爬取 Ruka 的信息
2025-05-14 14:45:11,449 - INFO - 成功爬取 chloeyoung 的信息
2025-05-14 14:45:16,135 - INFO - 成功爬取 emma 的信息
2025-05-14 14:45:20,017 - INFO - 成功爬取 hue 的信息
2025-05-14 14:45:22,638 - INFO - 成功爬取 INA 的信息
2025-05-14 14:45:26,038 - INFO - 成功爬取 kelly 的信息
2025-05-14 14:45:29,888 - INFO - 成功爬取 vin 的信息
2025-05-14 14:45:33,756 - INFO - 成功爬取 yunseo 的信息
2025-05-14 14:45:39,210 - INFO - 成功爬取 Daesung 的信息
2025-05-14 14:45:42,260 - INFO - 成功爬取 GDragon 的信息
2025-05-14 14:45:46,040 - INFO - 成功爬取 Taeyang 的信息
2025-05-14 14:45:49,683 - INFO - 成功爬取 HARAM 的信息
2025-05-14 14:45:53,950 - INFO - 成功爬取 HARUNA 的信息
2025-05-14 14:45:57,877 - INFO - 成功爬取 MOONSUA 的信息
2025-05-14 14:46:01,464 - INFO - 成功爬取 SHEON 的信息
2025-05-14 14:46:04,892 - INFO - 成功爬取 SIYOON 的信息
2025-05-14 14:46:07,790 - INFO - 成功爬取 SUHYEON 的信息
2025-05-14 14:46:11,643 - INFO - 成功爬取 TSUKI 的信息
2025-05-14 14:46:14,626 - INFO - 成功爬取 JAEHYUN 的信息
2025-05-14 14:46:18,802 - INFO - 成功爬取 LEEHAN 的信息
2025-05-14 14:46:22,289 - INFO - 成功爬取 RIWOO 的信息
2025-05-14 14:46:25,192 - INFO - 成功爬取 SUNGHO 的信息
2025-05-14 14:46:27,925 - INFO - 成功爬取 TAESAN 的信息
2025-05-14 14:46:30,974 - INFO - 成功爬取 WOONHAK 的信息
2025-05-14 14:46:35,037 - INFO - 成功爬取 LeeChangsub 的信息
2025-05-14 14:46:38,325 - INFO - 成功爬取 LeeMinhyuk 的信息
2025-05-14 14:46:42,422 - INFO - 成功爬取 LimHyunsik 的信息
2025-05-14 14:46:45,330 - INFO - 成功爬取 Peniel 的信息
2025-05-14 14:46:48,144 - INFO - 成功爬取 SeoEunkwang 的信息
2025-05-14 14:46:51,668 - INFO - 成功爬取 YookSungjae 的信息
2025-05-14 14:46:55,019 - INFO - 成功爬取 jhope 的信息
2025-05-14 14:46:59,695 - INFO - 成功爬取 Jimin 的信息
2025-05-14 14:47:02,851 - INFO - 成功爬取 Jin 的信息
2025-05-14 14:47:06,790 - INFO - 成功爬取 JungKook 的信息
2025-05-14 14:47:11,087 - INFO - 成功爬取 RM 的信息
2025-05-14 14:47:15,439 - INFO - 成功爬取 SUGA 的信息
2025-05-14 14:47:19,316 - INFO - 成功爬取 V 的信息
2025-05-14 14:47:23,658 - INFO - 成功爬取 BOEUN 的信息
2025-05-14 14:47:27,123 - INFO - 成功爬取 CHAEWON 的信息
2025-05-14 14:47:29,774 - INFO - 成功爬取 HYEJU 的信息
2025-05-14 14:47:33,512 - INFO - 成功爬取 HYUNGSEO 的信息
2025-05-14 14:47:36,467 - INFO - 成功爬取 JIMIN 的信息
2025-05-14 14:47:39,574 - INFO - 成功爬取 RIWON 的信息
2025-05-14 14:47:42,875 - INFO - 成功爬取 SEONYOU 的信息
2025-05-14 14:47:46,854 - INFO - 成功爬取 HyeongJun 的信息
2025-05-14 14:47:51,412 - INFO - 成功爬取 JungMo 的信息
2025-05-14 14:47:56,458 - INFO - 成功爬取 MinHee 的信息
2025-05-14 14:47:59,596 - INFO - 成功爬取 SeongMin 的信息
2025-05-14 14:48:03,063 - INFO - 成功爬取 SeRim 的信息
2025-05-14 14:48:06,177 - INFO - 成功爬取 ShihChuan 的信息
2025-05-14 14:48:10,129 - INFO - 成功爬取 TaeYoung 的信息
2025-05-14 14:48:14,466 - INFO - 成功爬取 WonJin 的信息
2025-05-14 14:48:19,275 - INFO - 成功爬取 WooBin 的信息
2025-05-14 14:48:23,944 - INFO - 成功爬取 D1 的信息
2025-05-14 14:48:28,542 - INFO - 成功爬取 E_CHAN 的信息
2025-05-14 14:48:32,325 - INFO - 成功爬取 GK 的信息
2025-05-14 14:48:37,304 - INFO - 成功爬取 HARRY_JUNE 的信息
2025-05-14 14:48:41,389 - INFO - 成功爬取 HEECHAN 的信息
2025-05-14 14:48:45,161 - INFO - 成功爬取 JUNSEO 的信息
2025-05-14 14:48:48,095 - INFO - 成功爬取 LUNE 的信息
2025-05-14 14:48:50,806 - INFO - 成功爬取 YUKU 的信息
2025-05-14 14:48:55,262 - INFO - 成功爬取 DaMi 的信息
2025-05-14 14:48:58,730 - INFO - 成功爬取 GaHyun 的信息
2025-05-14 14:49:03,577 - INFO - 成功爬取 HanDong 的信息
2025-05-14 14:49:07,929 - INFO - 成功爬取 JiU 的信息
2025-05-14 14:49:12,547 - INFO - 成功爬取 SiYeon 的信息
2025-05-14 14:49:17,097 - INFO - 成功爬取 SuA 的信息
2025-05-14 14:49:21,601 - INFO - 成功爬取 YooHyeon 的信息
2025-05-14 14:49:25,141 - INFO - 成功爬取 HEESEUNG 的信息
2025-05-14 14:49:29,238 - INFO - 成功爬取 JAKE 的信息
2025-05-14 14:49:32,343 - INFO - 成功爬取 JAY 的信息
2025-05-14 14:49:36,622 - INFO - 成功爬取 JUNGWON 的信息
2025-05-14 14:49:39,807 - INFO - 成功爬取 NI_KI 的信息
2025-05-14 14:49:43,857 - INFO - 成功爬取 SUNGHOON 的信息
2025-05-14 14:49:47,991 - INFO - 成功爬取 SUNOO 的信息
2025-05-14 14:49:51,223 - INFO - 成功爬取 AMIN 的信息
2025-05-14 14:49:54,028 - INFO - 成功爬取 AYDEN 的信息
2025-05-14 14:49:58,199 - INFO - 成功爬取 BAEKSEUNG 的信息
2025-05-14 14:50:01,232 - INFO - 成功爬取 JEFF 的信息
2025-05-14 14:50:05,381 - INFO - 成功爬取 KEUM 的信息
2025-05-14 14:50:09,160 - INFO - 成功爬取 MU 的信息
2025-05-14 14:50:13,333 - INFO - 成功爬取 WISH 的信息
2025-05-14 14:50:17,529 - INFO - 成功爬取 YEWANG 的信息
2025-05-14 14:50:22,111 - INFO - 成功爬取 Aisha 的信息
2025-05-14 14:50:25,186 - INFO - 成功爬取 EU 的信息
2025-05-14 14:50:28,000 - INFO - 成功爬取 Mia 的信息
2025-05-14 14:50:31,321 - INFO - 成功爬取 Onda 的信息
2025-05-14 14:50:34,915 - INFO - 成功爬取 Sihyeon 的信息
2025-05-14 14:50:39,457 - INFO - 成功爬取 Yiren 的信息
2025-05-14 14:50:42,365 - INFO - 成功爬取 Baekhyun 的信息
2025-05-14 14:50:46,727 - INFO - 成功爬取 Chanyeol 的信息
2025-05-14 14:50:50,811 - INFO - 成功爬取 Chen 的信息
2025-05-14 14:50:55,264 - INFO - 成功爬取 DO 的信息
2025-05-14 14:50:59,811 - INFO - 成功爬取 Kai 的信息
2025-05-14 14:51:03,390 - INFO - 成功爬取 Lay 的信息
2025-05-14 14:51:06,400 - INFO - 成功爬取 Sehun 的信息
2025-05-14 14:51:10,091 - INFO - 成功爬取 Suho 的信息
2025-05-14 14:51:14,414 - INFO - 成功爬取 Xiumin 的信息
2025-05-14 14:51:18,775 - INFO - 成功爬取 Athena 的信息
2025-05-14 14:51:21,748 - INFO - 成功爬取 ChanelleMoon 的信息
2025-05-14 14:51:25,997 - INFO - 成功爬取 Hana 的信息
2025-05-14 14:51:29,339 - INFO - 成功爬取 Keena 的信息
2025-05-14 14:51:33,370 - INFO - 成功爬取 Yewon 的信息
2025-05-14 14:51:37,350 - INFO - 成功爬取 Minnie 的信息
2025-05-14 14:51:40,441 - INFO - 成功爬取 Miyeon 的信息
2025-05-14 14:51:44,270 - INFO - 成功爬取 Shuhua 的信息
2025-05-14 14:51:48,284 - INFO - 成功爬取 Soyeon 的信息
2025-05-14 14:51:51,197 - INFO - 成功爬取 Yuqi 的信息
2025-05-14 14:51:54,343 - INFO - 成功爬取 Hyeri 的信息
2025-05-14 14:51:58,205 - INFO - 成功爬取 Minah 的信息
2025-05-14 14:52:02,767 - INFO - 成功爬取 Sojin 的信息
2025-05-14 14:52:06,581 - INFO - 成功爬取 Yura 的信息
2025-05-14 14:52:09,928 - INFO - 成功爬取 Hyoyeon 的信息
2025-05-14 14:52:14,708 - INFO - 成功爬取 Seohyun 的信息
2025-05-14 14:52:18,257 - INFO - 成功爬取 Sooyoung 的信息
2025-05-14 14:52:21,709 - INFO - 成功爬取 Sunny 的信息
2025-05-14 14:52:26,616 - INFO - 成功爬取 Taeyeon 的信息
2025-05-14 14:52:29,848 - INFO - 成功爬取 Tiffany 的信息
2025-05-14 14:52:33,134 - INFO - 成功爬取 Yoona 的信息
2025-05-14 14:52:36,445 - INFO - 成功爬取 Yuri 的信息
2025-05-14 14:52:40,725 - INFO - 成功爬取 BamBam 的信息
2025-05-14 14:52:45,036 - INFO - 成功爬取 Jackson 的信息
2025-05-14 14:52:48,617 - INFO - 成功爬取 JAYB 的信息
2025-05-14 14:52:53,013 - INFO - 成功爬取 Mark 的信息
2025-05-14 14:52:57,559 - INFO - 成功爬取 YoungJae 的信息
2025-05-14 14:53:01,531 - INFO - 成功爬取 YuGyeom 的信息
2025-05-14 14:53:05,932 - INFO - 成功爬取 Hwiseo 的信息
2025-05-14 14:53:10,144 - INFO - 成功爬取 Riina 的信息
2025-05-14 14:53:12,628 - INFO - 成功爬取 Seoi 的信息
2025-05-14 14:53:16,293 - INFO - 成功爬取 Yel 的信息
2025-05-14 14:53:19,343 - INFO - 成功爬取 A_NA 的信息
2025-05-14 14:53:24,104 - INFO - 成功爬取 CARMEN 的信息
2025-05-14 14:53:28,504 - INFO - 成功爬取 IAN 的信息
2025-05-14 14:53:32,431 - INFO - 成功爬取 JIWOO 的信息
2025-05-14 14:53:35,177 - INFO - 成功爬取 JUUN 的信息
2025-05-14 14:53:39,152 - INFO - 成功爬取 STELLA 的信息
2025-05-14 14:53:42,152 - INFO - 成功爬取 YE_ON 的信息
2025-05-14 14:53:45,921 - INFO - 成功爬取 YUHA 的信息
2025-05-14 14:53:48,832 - INFO - 成功爬取 DongWoon 的信息
2025-05-14 14:53:51,476 - INFO - 成功爬取 DuJun 的信息
2025-05-14 14:53:55,051 - INFO - 成功爬取 GiKwang 的信息
2025-05-14 14:53:58,643 - INFO - 成功爬取 YoSeop 的信息
2025-05-14 14:54:02,439 - INFO - 成功爬取 Bobby 的信息
2025-05-14 14:54:06,705 - INFO - 成功爬取 Chan 的信息
2025-05-14 14:54:09,440 - INFO - 成功爬取 DK 的信息
2025-05-14 14:54:13,995 - INFO - 成功爬取 Jay 的信息
2025-05-14 14:54:18,048 - INFO - 成功爬取 JUNE 的信息
2025-05-14 14:54:22,216 - INFO - 成功爬取 Song 的信息
2025-05-14 14:54:25,377 - INFO - 成功爬取 iroha 的信息
2025-05-14 14:54:29,520 - INFO - 成功爬取 minju 的信息
2025-05-14 14:54:32,653 - INFO - 成功爬取 moka 的信息
2025-05-14 14:54:36,319 - INFO - 成功爬取 wonhee 的信息
2025-05-14 14:54:39,707 - INFO - 成功爬取 yunah 的信息
2025-05-14 14:54:44,373 - INFO - 成功爬取 ARA 的信息
2025-05-14 14:54:48,543 - INFO - 成功爬取 ELVA 的信息
2025-05-14 14:54:52,956 - INFO - 成功爬取 HANA 的信息
2025-05-14 14:54:57,068 - INFO - 成功爬取 NAYU 的信息
2025-05-14 14:55:00,594 - INFO - 成功爬取 RIRIKA 的信息
2025-05-14 14:55:05,185 - INFO - 成功爬取 RONA 的信息
2025-05-14 14:55:09,514 - INFO - 成功爬取 Chaeryeong 的信息
2025-05-14 14:55:12,696 - INFO - 成功爬取 Lia 的信息
2025-05-14 14:55:15,650 - INFO - 成功爬取 Ryujin 的信息
2025-05-14 14:55:19,736 - INFO - 成功爬取 Yeji 的信息
2025-05-14 14:55:23,422 - INFO - 成功爬取 Yuna 的信息
2025-05-14 14:55:28,321 - INFO - 成功爬取 anyujin 的信息
2025-05-14 14:55:32,312 - INFO - 成功爬取 Gaeul 的信息
2025-05-14 14:55:36,341 - INFO - 成功爬取 jangwonyoung 的信息
2025-05-14 14:55:40,746 - INFO - 成功爬取 Leeseo 的信息
2025-05-14 14:55:44,984 - INFO - 成功爬取 Liz 的信息
2025-05-14 14:55:48,728 - INFO - 成功爬取 Rei 的信息
2025-05-14 14:55:51,459 - INFO - 成功爬取 BANGJEEMIN 的信息
2025-05-14 14:55:55,798 - INFO - 成功爬取 CHOIJUNGEUN 的信息
2025-05-14 14:55:59,944 - INFO - 成功爬取 JEONGSAEBI 的信息
2025-05-14 14:56:03,934 - INFO - 成功爬取 KOKO 的信息
2025-05-14 14:56:06,980 - INFO - 成功爬取 MAI 的信息
2025-05-14 14:56:10,833 - INFO - 成功爬取 RYUSARANG 的信息
2025-05-14 14:56:14,337 - INFO - 成功爬取 YOONJIYOON 的信息
2025-05-14 14:56:17,604 - INFO - 成功爬取 ChaeHyun 的信息
2025-05-14 14:56:20,443 - INFO - 成功爬取 DaYeon 的信息
2025-05-14 14:56:25,109 - INFO - 成功爬取 Hikaru 的信息
2025-05-14 14:56:28,258 - INFO - 成功爬取 Huening_Bahiyyih 的信息
2025-05-14 14:56:31,062 - INFO - 成功爬取 Mashiro 的信息
2025-05-14 14:56:33,865 - INFO - 成功爬取 XiaoTing 的信息
2025-05-14 14:56:37,857 - INFO - 成功爬取 YeSeo 的信息
2025-05-14 14:56:40,758 - INFO - 成功爬取 YoungEun 的信息
2025-05-14 14:56:43,939 - INFO - 成功爬取 YuJin 的信息
2025-05-14 14:56:48,738 - INFO - 成功爬取 Amaru 的信息
2025-05-14 14:56:52,624 - INFO - 成功爬取 Donghwa 的信息
2025-05-14 14:56:55,571 - INFO - 成功爬取 Donghyeon 的信息
2025-05-14 14:57:00,023 - INFO - 成功爬取 Juwang 的信息
2025-05-14 14:57:04,638 - INFO - 成功爬取 Keiju 的信息
2025-05-14 14:57:07,749 - INFO - 成功爬取 Kyehoon 的信息
2025-05-14 14:57:11,417 - INFO - 成功爬取 Minje 的信息
2025-05-14 14:57:15,463 - INFO - 成功爬取 haum 的信息
2025-05-14 14:57:18,346 - INFO - 成功爬取 jiyu 的信息
2025-05-14 14:57:21,381 - INFO - 成功爬取 kya 的信息
2025-05-14 14:57:24,375 - INFO - 成功爬取 leesol 的信息
2025-05-14 14:57:28,315 - INFO - 成功爬取 sui 的信息
2025-05-14 14:57:32,725 - INFO - 成功爬取 BELLE 的信息
2025-05-14 14:57:35,969 - INFO - 成功爬取 HANEUL 的信息
2025-05-14 14:57:39,315 - INFO - 成功爬取 JULIE 的信息
2025-05-14 14:57:43,534 - INFO - 成功爬取 NATTY 的信息
2025-05-14 14:57:46,132 - INFO - 成功爬取 HongEunchae 的信息
2025-05-14 14:57:48,983 - INFO - 成功爬取 HuhYunjin 的信息
2025-05-14 14:57:53,759 - INFO - 成功爬取 Kazuha 的信息
2025-05-14 14:57:57,107 - INFO - 成功爬取 KimChaewon 的信息
2025-05-14 14:58:00,333 - INFO - 成功爬取 Sakura 的信息
2025-05-14 14:58:02,780 - INFO - 成功爬取 mashiro 的信息
2025-05-14 14:58:06,470 - INFO - 成功爬取 MiU 的信息
2025-05-14 14:58:11,536 - INFO - 成功爬取 NAGOM 的信息
2025-05-14 14:58:14,682 - INFO - 成功爬取 SERINA 的信息
2025-05-14 14:58:18,574 - INFO - 成功爬取 SUHYE 的信息
2025-05-14 14:58:22,822 - INFO - 成功爬取 YESEO 的信息
2025-05-14 14:58:27,146 - INFO - 成功爬取 HwaSa 的信息
2025-05-14 14:58:30,302 - INFO - 成功爬取 MoonByul 的信息
2025-05-14 14:58:34,457 - INFO - 成功爬取 Solar 的信息
2025-05-14 14:58:39,002 - INFO - 成功爬取 WheeIn 的信息
2025-05-14 14:58:42,641 - INFO - 成功爬取 anna 的信息
2025-05-14 14:58:45,192 - INFO - 成功爬取 ella 的信息
2025-05-14 14:58:49,705 - INFO - 成功爬取 gawon 的信息
2025-05-14 14:58:52,517 - INFO - 成功爬取 narin 的信息
2025-05-14 14:58:55,877 - INFO - 成功爬取 sooin 的信息
2025-05-14 14:58:59,057 - INFO - 成功爬取 Hyungwon 的信息
2025-05-14 14:59:03,631 - INFO - 成功爬取 IM 的信息
2025-05-14 14:59:07,338 - INFO - 成功爬取 Joohoney 的信息
2025-05-14 14:59:11,759 - INFO - 成功爬取 Kihyun 的信息
2025-05-14 14:59:15,216 - INFO - 成功爬取 Minhyuk 的信息
2025-05-14 14:59:18,978 - INFO - 成功爬取 Shownu 的信息
2025-05-14 14:59:22,742 - INFO - 成功爬取 Doyoung 的信息
2025-05-14 14:59:25,618 - INFO - 成功爬取 Haechan 的信息
2025-05-14 14:59:28,229 - INFO - 成功爬取 Jaehyun 的信息
2025-05-14 14:59:32,037 - INFO - 成功爬取 Johnny 的信息
2025-05-14 14:59:35,813 - INFO - 成功爬取 Jungwoo 的信息
2025-05-14 14:59:38,798 - INFO - 成功爬取 Taeyong 的信息
2025-05-14 14:59:41,855 - INFO - 成功爬取 Yuta 的信息
2025-05-14 14:59:44,978 - INFO - 成功爬取 CHENLE 的信息
2025-05-14 14:59:47,341 - INFO - 成功爬取 HAECHAN 的信息
2025-05-14 14:59:50,657 - INFO - 成功爬取 JAEMIN 的信息
2025-05-14 14:59:55,223 - INFO - 成功爬取 JENO 的信息
2025-05-14 14:59:57,959 - INFO - 成功爬取 JISUNG 的信息
2025-05-14 15:00:02,473 - INFO - 成功爬取 MARK 的信息
2025-05-14 15:00:05,737 - INFO - 成功爬取 RENJUN 的信息
2025-05-14 15:00:09,819 - INFO - 成功爬取 jaehee 的信息
2025-05-14 15:00:13,562 - INFO - 成功爬取 riku 的信息
2025-05-14 15:00:17,352 - INFO - 成功爬取 ryo 的信息
2025-05-14 15:00:21,179 - INFO - 成功爬取 sakuya 的信息
2025-05-14 15:00:24,653 - INFO - 成功爬取 sion 的信息
2025-05-14 15:00:28,232 - INFO - 成功爬取 yushi 的信息
2025-05-14 15:00:31,576 - INFO - 成功爬取 Danielle 的信息
2025-05-14 15:00:34,949 - INFO - 成功爬取 Haerin 的信息
2025-05-14 15:00:38,568 - INFO - 成功爬取 Hanni 的信息
2025-05-14 15:00:42,349 - INFO - 成功爬取 Hyein 的信息
2025-05-14 15:00:46,732 - INFO - 成功爬取 Minji 的信息
2025-05-14 15:00:50,498 - INFO - 成功爬取 Bae 的信息
2025-05-14 15:00:54,263 - INFO - 成功爬取 Haewon 的信息
2025-05-14 15:00:56,968 - INFO - 成功爬取 Jiwoo 的信息
2025-05-14 15:01:00,354 - INFO - 成功爬取 Kyujin 的信息
2025-05-14 15:01:05,071 - INFO - 成功爬取 Lily 的信息
2025-05-14 15:01:08,102 - INFO - 成功爬取 Sullyoon 的信息
2025-05-14 15:01:10,826 - INFO - 成功爬取 HYEONBIN 的信息
2025-05-14 15:01:15,178 - INFO - 成功爬取 jinhyuk 的信息
2025-05-14 15:01:18,785 - INFO - 成功爬取 SIYUN 的信息
2025-05-14 15:01:22,659 - INFO - 成功爬取 YEONWOO 的信息
2025-05-14 15:01:27,089 - INFO - 成功爬取 yoon 的信息
2025-05-14 15:01:29,783 - INFO - 成功爬取 Arin 的信息
2025-05-14 15:01:34,433 - INFO - 成功爬取 Hyojung 的信息
2025-05-14 15:01:38,611 - INFO - 成功爬取 Jiho 的信息
2025-05-14 15:01:41,721 - INFO - 成功爬取 Mimi 的信息
2025-05-14 15:01:45,814 - INFO - 成功爬取 Seunghee 的信息
2025-05-14 15:01:49,551 - INFO - 成功爬取 YooA 的信息
2025-05-14 15:01:52,923 - INFO - 成功爬取 Yubin 的信息
2025-05-14 15:01:55,798 - INFO - 成功爬取 E_TION 的信息
2025-05-14 15:01:59,189 - INFO - 成功爬取 HYOJIN 的信息
2025-05-14 15:02:03,445 - INFO - 成功爬取 MINKYUN 的信息
2025-05-14 15:02:07,829 - INFO - 成功爬取 SEUNGJUN 的信息
2025-05-14 15:02:11,572 - INFO - 成功爬取 U 的信息
2025-05-14 15:02:16,191 - INFO - 成功爬取 WYATT 的信息
2025-05-14 15:02:19,242 - INFO - 成功爬取 BAMBY 的信息
2025-05-14 15:02:24,097 - INFO - 成功爬取 EUNHO 的信息
2025-05-14 15:02:28,627 - INFO - 成功爬取 HAMIN 的信息
2025-05-14 15:02:32,980 - INFO - 成功爬取 NOAH 的信息
2025-05-14 15:02:36,381 - INFO - 成功爬取 YEJUN 的信息
2025-05-14 15:02:39,574 - INFO - 成功爬取 Chaein 的信息
2025-05-14 15:02:42,775 - INFO - 成功爬取 Dosie 的信息
2025-05-14 15:02:47,057 - INFO - 成功爬取 GoEun 的信息
2025-05-14 15:02:50,610 - INFO - 成功爬取 Ireh 的信息
2025-05-14 15:02:54,358 - INFO - 成功爬取 SWAN 的信息
2025-05-14 15:02:58,232 - INFO - 成功爬取 Yuki 的信息
2025-05-14 15:03:02,822 - INFO - 成功爬取 Irene 的信息
2025-05-14 15:03:06,244 - INFO - 成功爬取 Joy 的信息
2025-05-14 15:03:11,041 - INFO - 成功爬取 Seulgi 的信息
2025-05-14 15:03:15,368 - INFO - 成功爬取 Wendy 的信息
2025-05-14 15:03:20,157 - INFO - 成功爬取 Yeri 的信息
2025-05-14 15:03:23,411 - INFO - 成功爬取 ANTON 的信息
2025-05-14 15:03:26,625 - INFO - 成功爬取 EUNSEOK 的信息
2025-05-14 15:03:29,889 - INFO - 成功爬取 SHOTARO 的信息
2025-05-14 15:03:33,093 - INFO - 成功爬取 SOHEE 的信息
2025-05-14 15:03:36,608 - INFO - 成功爬取 SUNGCHAN 的信息
2025-05-14 15:03:40,066 - INFO - 成功爬取 WONBIN 的信息
2025-05-14 15:03:43,095 - INFO - 成功爬取 DAHYUN 的信息
2025-05-14 15:03:46,333 - INFO - 成功爬取 SUYUN 的信息
2025-05-14 15:03:50,339 - INFO - 成功爬取 YEONHEE 的信息
2025-05-14 15:03:54,224 - INFO - 成功爬取 YUNKYOUNG 的信息
2025-05-14 15:03:59,209 - INFO - 成功爬取 DOHEE 的信息
2025-05-14 15:04:02,438 - INFO - 成功爬取 HITOMI 的信息
2025-05-14 15:04:06,051 - INFO - 成功爬取 JUNHWI 的信息
2025-05-14 15:04:08,896 - INFO - 成功爬取 KANNY 的信息
2025-05-14 15:04:12,356 - INFO - 成功爬取 MEI 的信息
2025-05-14 15:04:15,495 - INFO - 成功爬取 SEUNGJOO 的信息
2025-05-14 15:04:19,365 - INFO - 成功爬取 SOHA 的信息
2025-05-14 15:04:23,898 - INFO - 成功爬取 DINO 的信息
2025-05-14 15:04:27,734 - INFO - 成功爬取 HOSHI 的信息
2025-05-14 15:04:31,769 - INFO - 成功爬取 JEONGHAN 的信息
2025-05-14 15:04:35,641 - INFO - 成功爬取 JOSHUA 的信息
2025-05-14 15:04:38,618 - INFO - 成功爬取 JUN 的信息
2025-05-14 15:04:42,705 - INFO - 成功爬取 MINGYU 的信息
2025-05-14 15:04:46,591 - INFO - 成功爬取 SCOUPS 的信息
2025-05-14 15:04:50,934 - INFO - 成功爬取 SEUNGKWAN 的信息
2025-05-14 15:04:55,440 - INFO - 成功爬取 THE8 的信息
2025-05-14 15:04:59,507 - INFO - 成功爬取 VERNON 的信息
2025-05-14 15:05:02,183 - INFO - 成功爬取 WONWOO 的信息
2025-05-14 15:05:06,857 - INFO - 成功爬取 WOOZI 的信息
2025-05-14 15:05:10,624 - INFO - 成功爬取 ChaNi 的信息
2025-05-14 15:05:14,674 - INFO - 成功爬取 DaWon 的信息
2025-05-14 15:05:17,357 - INFO - 成功爬取 HwiYoung 的信息
2025-05-14 15:05:20,537 - INFO - 成功爬取 InSeong 的信息
2025-05-14 15:05:23,399 - INFO - 成功爬取 JaeYoon 的信息
2025-05-14 15:05:28,875 - INFO - 成功爬取 YooTaeYang 的信息
2025-05-14 15:05:33,017 - INFO - 成功爬取 YoungBin 的信息
2025-05-14 15:05:36,611 - INFO - 成功爬取 ZuHo 的信息
2025-05-14 15:05:41,515 - INFO - 成功爬取 Key 的信息
2025-05-14 15:05:46,057 - INFO - 成功爬取 Minho 的信息
2025-05-14 15:05:49,497 - INFO - 成功爬取 Onew 的信息
2025-05-14 15:05:53,966 - INFO - 成功爬取 Taemin 的信息
2025-05-14 15:05:57,315 - INFO - 成功爬取 ISA 的信息
2025-05-14 15:06:02,106 - INFO - 成功爬取 J 的信息
2025-05-14 15:06:06,176 - INFO - 成功爬取 SEEUN 的信息
2025-05-14 15:06:09,194 - INFO - 成功爬取 SIEUN 的信息
2025-05-14 15:06:14,018 - INFO - 成功爬取 SUMIN 的信息
2025-05-14 15:06:17,125 - INFO - 成功爬取 YOON 的信息
2025-05-14 15:06:21,345 - INFO - 成功爬取 BangChan 的信息
2025-05-14 15:06:25,225 - INFO - 成功爬取 Changbin 的信息
2025-05-14 15:06:29,423 - INFO - 成功爬取 Felix 的信息
2025-05-14 15:06:32,597 - INFO - 成功爬取 HAN 的信息
2025-05-14 15:06:35,389 - INFO - 成功爬取 Hyunjin 的信息
2025-05-14 15:06:38,724 - INFO - 成功爬取 I_N 的信息
2025-05-14 15:06:42,117 - INFO - 成功爬取 LeeKnow 的信息
2025-05-14 15:06:44,691 - INFO - 成功爬取 Seungmin 的信息
2025-05-14 15:06:47,976 - INFO - 成功爬取 ERIC 的信息
2025-05-14 15:06:51,409 - INFO - 成功爬取 Hyunjae 的信息
2025-05-14 15:06:54,970 - INFO - 成功爬取 JACOB 的信息
2025-05-14 15:06:58,081 - INFO - 成功爬取 juhaknyeon 的信息
2025-05-14 15:07:02,210 - INFO - 成功爬取 JuYeon 的信息
2025-05-14 15:07:07,148 - INFO - 成功爬取 KEVIN 的信息
2025-05-14 15:07:10,220 - INFO - 成功爬取 NEW 的信息
2025-05-14 15:07:13,274 - INFO - 成功爬取 Q 的信息
2025-05-14 15:07:17,040 - INFO - 成功爬取 SangYeon 的信息
2025-05-14 15:07:21,914 - INFO - 成功爬取 SunWoo 的信息
2025-05-14 15:07:25,268 - INFO - 成功爬取 YoungHoon 的信息
2025-05-14 15:07:28,210 - INFO - 成功爬取 BEOMGYU 的信息
2025-05-14 15:07:32,704 - INFO - 成功爬取 HUENINGKAI 的信息
2025-05-14 15:07:36,721 - INFO - 成功爬取 SOOBIN 的信息
2025-05-14 15:07:40,797 - INFO - 成功爬取 TAEHYUN 的信息
2025-05-14 15:07:44,931 - INFO - 成功爬取 YEONJUN 的信息
2025-05-14 15:07:49,740 - INFO - 成功爬取 ASAHI 的信息
2025-05-14 15:07:54,309 - INFO - 成功爬取 ChoiHyunSuk 的信息
2025-05-14 15:07:56,719 - INFO - 成功爬取 DOYOUNG 的信息
2025-05-14 15:08:01,303 - INFO - 成功爬取 HARUTO 的信息
2025-05-14 15:08:05,315 - INFO - 成功爬取 JIHOON 的信息
2025-05-14 15:08:09,897 - INFO - 成功爬取 JunKyu 的信息
2025-05-14 15:08:14,017 - INFO - 成功爬取 ParkJungWoo 的信息
2025-05-14 15:08:18,985 - INFO - 成功爬取 SoJungHwan 的信息
2025-05-14 15:08:22,561 - INFO - 成功爬取 YoonJaeHyuk 的信息
2025-05-14 15:08:27,254 - INFO - 成功爬取 YOSHI 的信息
2025-05-14 15:08:29,975 - INFO - 成功爬取 ChaeWon 的信息
2025-05-14 15:08:32,912 - INFO - 成功爬取 ChaeYeon 的信息
2025-05-14 15:08:35,844 - INFO - 成功爬取 DaHyun 的信息
2025-05-14 15:08:39,798 - INFO - 成功爬取 HaYeon 的信息
2025-05-14 15:08:43,336 - INFO - 成功爬取 HyeRin 的信息
2025-05-14 15:08:46,086 - INFO - 成功爬取 JiWoo 的信息
2025-05-14 15:08:49,351 - INFO - 成功爬取 JiYeon 的信息
2025-05-14 15:08:52,460 - INFO - 成功爬取 JooBin 的信息
2025-05-14 15:08:55,169 - INFO - 成功爬取 Kaede 的信息
2025-05-14 15:08:59,804 - INFO - 成功爬取 Kotone 的信息
2025-05-14 15:09:02,689 - INFO - 成功爬取 Lynn 的信息
2025-05-14 15:09:07,022 - INFO - 成功爬取 Mayu 的信息
2025-05-14 15:09:09,788 - INFO - 成功爬取 NaKyoung 的信息
2025-05-14 15:09:13,098 - INFO - 成功爬取 Nien 的信息
2025-05-14 15:09:17,577 - INFO - 成功爬取 SeoAh 的信息
2025-05-14 15:09:22,036 - INFO - 成功爬取 SeoYeon 的信息
2025-05-14 15:09:26,712 - INFO - 成功爬取 ShiOn 的信息
2025-05-14 15:09:29,842 - INFO - 成功爬取 SoHyun 的信息
2025-05-14 15:09:33,813 - INFO - 成功爬取 SooMin 的信息
2025-05-14 15:09:37,363 - INFO - 成功爬取 Sullin 的信息
2025-05-14 15:09:40,999 - INFO - 成功爬取 Xinyu 的信息
2025-05-14 15:09:44,289 - INFO - 成功爬取 YeonJi 的信息
2025-05-14 15:09:47,751 - INFO - 成功爬取 YooYeon 的信息
2025-05-14 15:09:50,722 - INFO - 成功爬取 YuBin 的信息
2025-05-14 15:09:54,492 - INFO - 成功爬取 CHAEYOUNG 的信息
2025-05-14 15:09:57,830 - INFO - 成功爬取 JEONGYEON 的信息
2025-05-14 15:10:01,264 - INFO - 成功爬取 JIHYO 的信息
2025-05-14 15:10:04,605 - INFO - 成功爬取 MINA 的信息
2025-05-14 15:10:08,513 - INFO - 成功爬取 MOMO 的信息
2025-05-14 15:10:11,044 - INFO - 成功爬取 NAYEON 的信息
2025-05-14 15:10:15,516 - INFO - 成功爬取 SANA 的信息
2025-05-14 15:10:18,273 - INFO - 成功爬取 TZUYU 的信息
2025-05-14 15:10:21,037 - INFO - 成功爬取 DOHOON 的信息
2025-05-14 15:10:24,066 - INFO - 成功爬取 HANJIN 的信息
2025-05-14 15:10:27,746 - INFO - 成功爬取 KYUNGMIN 的信息
2025-05-14 15:10:31,335 - INFO - 成功爬取 SHINYU 的信息
2025-05-14 15:10:35,239 - INFO - 成功爬取 YOUNGJAE 的信息
2025-05-14 15:10:39,344 - INFO - 成功爬取 Elisia 的信息
2025-05-14 15:10:42,187 - INFO - 成功爬取 GehleeDangca 的信息
2025-05-14 15:10:45,333 - INFO - 成功爬取 Hyeonju 的信息
2025-05-14 15:10:48,608 - INFO - 成功爬取 Kotoko 的信息
2025-05-14 15:10:51,861 - INFO - 成功爬取 Nana 的信息
2025-05-14 15:10:55,162 - INFO - 成功爬取 Seowon 的信息
2025-05-14 15:10:58,095 - INFO - 成功爬取 Yunha 的信息
2025-05-14 15:11:01,010 - INFO - 成功爬取 eunha 的信息
2025-05-14 15:11:05,120 - INFO - 成功爬取 sinb 的信息
2025-05-14 15:11:08,163 - INFO - 成功爬取 umji 的信息
2025-05-14 15:11:11,405 - INFO - 成功爬取 KangSeungYoon 的信息
2025-05-14 15:11:14,807 - INFO - 成功爬取 KimJinWoo 的信息
2025-05-14 15:11:18,339 - INFO - 成功爬取 LeeSeungHoon 的信息
2025-05-14 15:11:22,386 - INFO - 成功爬取 SongMinHo 的信息
2025-05-14 15:11:26,471 - INFO - 成功爬取 BoNa 的信息
2025-05-14 15:11:31,191 - INFO - 成功爬取 DaYoung 的信息
2025-05-14 15:11:35,403 - INFO - 成功爬取 EunSeo 的信息
2025-05-14 15:11:38,014 - INFO - 成功爬取 Exy 的信息
2025-05-14 15:11:41,143 - INFO - 成功爬取 LuDa 的信息
2025-05-14 15:11:45,445 - INFO - 成功爬取 SeolA 的信息
2025-05-14 15:11:47,740 - INFO - 成功爬取 SooBin 的信息
2025-05-14 15:11:51,915 - INFO - 成功爬取 YeonJung 的信息
2025-05-14 15:11:55,482 - INFO - 成功爬取 YeoReum 的信息
2025-05-14 15:11:59,424 - INFO - 成功爬取 Doeun 的信息
2025-05-14 15:12:02,999 - INFO - 成功爬取 Jiana 的信息
2025-05-14 15:12:06,543 - INFO - 成功爬取 Jieun 的信息
2025-05-14 15:12:09,324 - INFO - 成功爬取 Sunhye 的信息
2025-05-14 15:12:12,627 - INFO - 成功爬取 Yeonjung 的信息
2025-05-14 15:13:04,805 - INFO - 成功爬取 HANYUJIN 的信息
2025-05-14 15:13:19,499 - INFO - 成功爬取 KIMGYUVIN 的信息
2025-05-14 15:13:22,557 - INFO - 成功爬取 KIMJIWOONG 的信息
2025-05-14 15:13:26,127 - INFO - 成功爬取 KIMTAERAE 的信息
2025-05-14 15:13:28,677 - INFO - 成功爬取 PARKGUNWOOK 的信息
2025-05-14 15:13:32,359 - INFO - 成功爬取 RICKY 的信息
2025-05-14 15:13:36,540 - INFO - 成功爬取 SEOKMATTHEW 的信息
2025-05-14 15:13:40,498 - INFO - 成功爬取 SUNGHAN BIN 的信息
2025-05-14 15:13:45,322 - INFO - 成功爬取 ZHANGHAO 的信息
2025-05-14 15:13:45,345 - INFO - 爬取完成！成功爬取 483/483 個藝人的信息
